{"/home/sergey/projects/node/codecov/nuxt-i18n-easy/bin/command.js": {"path":"/home/sergey/projects/node/codecov/nuxt-i18n-easy/bin/command.js","statementMap":{"0":{"start":{"line":6,"column":13},"end":{"line":6,"column":28}},"1":{"start":{"line":7,"column":11},"end":{"line":7,"column":24}},"2":{"start":{"line":8,"column":18},"end":{"line":8,"column":35}},"3":{"start":{"line":9,"column":16},"end":{"line":9,"column":34}},"4":{"start":{"line":10,"column":12},"end":{"line":10,"column":38}},"5":{"start":{"line":12,"column":13},"end":{"line":12,"column":34}},"6":{"start":{"line":14,"column":13},"end":{"line":24,"column":1}},"7":{"start":{"line":26,"column":0},"end":{"line":95,"column":3}},"8":{"start":{"line":27,"column":21},"end":{"line":27,"column":53}},"9":{"start":{"line":28,"column":2},"end":{"line":28,"column":44}},"10":{"start":{"line":29,"column":2},"end":{"line":29,"column":30}},"11":{"start":{"line":30,"column":18},"end":{"line":30,"column":71}},"12":{"start":{"line":31,"column":2},"end":{"line":93,"column":3}},"13":{"start":{"line":32,"column":4},"end":{"line":32,"column":29}},"14":{"start":{"line":33,"column":26},"end":{"line":33,"column":37}},"15":{"start":{"line":34,"column":4},"end":{"line":36,"column":5}},"16":{"start":{"line":35,"column":6},"end":{"line":35,"column":46}},"17":{"start":{"line":37,"column":4},"end":{"line":40,"column":5}},"18":{"start":{"line":38,"column":6},"end":{"line":38,"column":205}},"19":{"start":{"line":39,"column":6},"end":{"line":39,"column":14}},"20":{"start":{"line":42,"column":21},"end":{"line":42,"column":59}},"21":{"start":{"line":44,"column":17},"end":{"line":44,"column":19}},"22":{"start":{"line":45,"column":23},"end":{"line":45,"column":25}},"23":{"start":{"line":46,"column":4},"end":{"line":46,"column":49}},"24":{"start":{"line":47,"column":4},"end":{"line":50,"column":5}},"25":{"start":{"line":48,"column":6},"end":{"line":48,"column":45}},"26":{"start":{"line":49,"column":6},"end":{"line":49,"column":12}},"27":{"start":{"line":51,"column":18},"end":{"line":51,"column":43}},"28":{"start":{"line":52,"column":19},"end":{"line":52,"column":58}},"29":{"start":{"line":52,"column":37},"end":{"line":52,"column":57}},"30":{"start":{"line":53,"column":18},"end":{"line":53,"column":57}},"31":{"start":{"line":53,"column":38},"end":{"line":53,"column":56}},"32":{"start":{"line":54,"column":4},"end":{"line":57,"column":5}},"33":{"start":{"line":55,"column":6},"end":{"line":55,"column":59}},"34":{"start":{"line":56,"column":6},"end":{"line":56,"column":14}},"35":{"start":{"line":59,"column":18},"end":{"line":59,"column":20}},"36":{"start":{"line":60,"column":4},"end":{"line":66,"column":5}},"37":{"start":{"line":61,"column":18},"end":{"line":61,"column":82}},"38":{"start":{"line":62,"column":6},"end":{"line":62,"column":40}},"39":{"start":{"line":63,"column":6},"end":{"line":65,"column":7}},"40":{"start":{"line":64,"column":8},"end":{"line":64,"column":28}},"41":{"start":{"line":67,"column":4},"end":{"line":81,"column":6}},"42":{"start":{"line":68,"column":17},"end":{"line":68,"column":21}},"43":{"start":{"line":69,"column":6},"end":{"line":69,"column":63}},"44":{"start":{"line":70,"column":6},"end":{"line":70,"column":38}},"45":{"start":{"line":71,"column":6},"end":{"line":73,"column":7}},"46":{"start":{"line":72,"column":8},"end":{"line":72,"column":19}},"47":{"start":{"line":74,"column":6},"end":{"line":76,"column":7}},"48":{"start":{"line":75,"column":8},"end":{"line":75,"column":43}},"49":{"start":{"line":77,"column":6},"end":{"line":79,"column":7}},"50":{"start":{"line":78,"column":8},"end":{"line":78,"column":28}},"51":{"start":{"line":80,"column":6},"end":{"line":80,"column":22}},"52":{"start":{"line":82,"column":16},"end":{"line":83,"column":75}},"53":{"start":{"line":84,"column":4},"end":{"line":91,"column":5}},"54":{"start":{"line":85,"column":6},"end":{"line":85,"column":109}},"55":{"start":{"line":86,"column":6},"end":{"line":86,"column":25}},"56":{"start":{"line":87,"column":6},"end":{"line":87,"column":24}},"57":{"start":{"line":89,"column":6},"end":{"line":89,"column":27}},"58":{"start":{"line":90,"column":6},"end":{"line":90,"column":24}},"59":{"start":{"line":92,"column":4},"end":{"line":92,"column":35}}},"fnMap":{"0":{"name":"(anonymous_0)","decl":{"start":{"line":26,"column":1},"end":{"line":26,"column":2}},"loc":{"start":{"line":26,"column":13},"end":{"line":94,"column":1}},"line":26},"1":{"name":"(anonymous_1)","decl":{"start":{"line":52,"column":32},"end":{"line":52,"column":33}},"loc":{"start":{"line":52,"column":37},"end":{"line":52,"column":57}},"line":52},"2":{"name":"(anonymous_2)","decl":{"start":{"line":53,"column":33},"end":{"line":53,"column":34}},"loc":{"start":{"line":53,"column":38},"end":{"line":53,"column":56}},"line":53},"3":{"name":"(anonymous_3)","decl":{"start":{"line":67,"column":38},"end":{"line":67,"column":39}},"loc":{"start":{"line":67,"column":48},"end":{"line":81,"column":5}},"line":67}},"branchMap":{"0":{"loc":{"start":{"line":12,"column":13},"end":{"line":12,"column":34}},"type":"binary-expr","locations":[{"start":{"line":12,"column":13},"end":{"line":12,"column":28}},{"start":{"line":12,"column":32},"end":{"line":12,"column":34}}],"line":12},"1":{"loc":{"start":{"line":34,"column":4},"end":{"line":36,"column":5}},"type":"if","locations":[{"start":{"line":34,"column":4},"end":{"line":36,"column":5}},{"start":{"line":34,"column":4},"end":{"line":36,"column":5}}],"line":34},"2":{"loc":{"start":{"line":37,"column":4},"end":{"line":40,"column":5}},"type":"if","locations":[{"start":{"line":37,"column":4},"end":{"line":40,"column":5}},{"start":{"line":37,"column":4},"end":{"line":40,"column":5}}],"line":37},"3":{"loc":{"start":{"line":37,"column":8},"end":{"line":37,"column":51}},"type":"binary-expr","locations":[{"start":{"line":37,"column":8},"end":{"line":37,"column":23}},{"start":{"line":37,"column":27},"end":{"line":37,"column":51}}],"line":37},"4":{"loc":{"start":{"line":46,"column":19},"end":{"line":46,"column":49}},"type":"binary-expr","locations":[{"start":{"line":46,"column":19},"end":{"line":46,"column":43}},{"start":{"line":46,"column":47},"end":{"line":46,"column":49}}],"line":46},"5":{"loc":{"start":{"line":47,"column":4},"end":{"line":50,"column":5}},"type":"if","locations":[{"start":{"line":47,"column":4},"end":{"line":50,"column":5}},{"start":{"line":47,"column":4},"end":{"line":50,"column":5}}],"line":47},"6":{"loc":{"start":{"line":54,"column":4},"end":{"line":57,"column":5}},"type":"if","locations":[{"start":{"line":54,"column":4},"end":{"line":57,"column":5}},{"start":{"line":54,"column":4},"end":{"line":57,"column":5}}],"line":54},"7":{"loc":{"start":{"line":63,"column":6},"end":{"line":65,"column":7}},"type":"if","locations":[{"start":{"line":63,"column":6},"end":{"line":65,"column":7}},{"start":{"line":63,"column":6},"end":{"line":65,"column":7}}],"line":63},"8":{"loc":{"start":{"line":69,"column":14},"end":{"line":69,"column":63}},"type":"cond-expr","locations":[{"start":{"line":69,"column":51},"end":{"line":69,"column":52}},{"start":{"line":69,"column":55},"end":{"line":69,"column":63}}],"line":69},"9":{"loc":{"start":{"line":71,"column":6},"end":{"line":73,"column":7}},"type":"if","locations":[{"start":{"line":71,"column":6},"end":{"line":73,"column":7}},{"start":{"line":71,"column":6},"end":{"line":73,"column":7}}],"line":71},"10":{"loc":{"start":{"line":74,"column":6},"end":{"line":76,"column":7}},"type":"if","locations":[{"start":{"line":74,"column":6},"end":{"line":76,"column":7}},{"start":{"line":74,"column":6},"end":{"line":76,"column":7}}],"line":74},"11":{"loc":{"start":{"line":77,"column":6},"end":{"line":79,"column":7}},"type":"if","locations":[{"start":{"line":77,"column":6},"end":{"line":79,"column":7}},{"start":{"line":77,"column":6},"end":{"line":79,"column":7}}],"line":77},"12":{"loc":{"start":{"line":84,"column":4},"end":{"line":91,"column":5}},"type":"if","locations":[{"start":{"line":84,"column":4},"end":{"line":91,"column":5}},{"start":{"line":84,"column":4},"end":{"line":91,"column":5}}],"line":84}},"s":{"0":0,"1":0,"2":0,"3":0,"4":0,"5":0,"6":0,"7":0,"8":0,"9":0,"10":0,"11":0,"12":0,"13":0,"14":0,"15":0,"16":0,"17":0,"18":0,"19":0,"20":0,"21":0,"22":0,"23":0,"24":0,"25":0,"26":0,"27":0,"28":0,"29":0,"30":0,"31":0,"32":0,"33":0,"34":0,"35":0,"36":0,"37":0,"38":0,"39":0,"40":0,"41":0,"42":0,"43":0,"44":0,"45":0,"46":0,"47":0,"48":0,"49":0,"50":0,"51":0,"52":0,"53":0,"54":0,"55":0,"56":0,"57":0,"58":0,"59":0},"f":{"0":0,"1":0,"2":0,"3":0},"b":{"0":[0,0],"1":[0,0],"2":[0,0],"3":[0,0],"4":[0,0],"5":[0,0],"6":[0,0],"7":[0,0],"8":[0,0],"9":[0,0],"10":[0,0],"11":[0,0],"12":[0,0]}}
,"/home/sergey/projects/node/codecov/nuxt-i18n-easy/lib/includes.js": {"path":"/home/sergey/projects/node/codecov/nuxt-i18n-easy/lib/includes.js","statementMap":{"0":{"start":{"line":1,"column":13},"end":{"line":1,"column":28}},"1":{"start":{"line":2,"column":11},"end":{"line":2,"column":24}},"2":{"start":{"line":3,"column":20},"end":{"line":3,"column":42}},"3":{"start":{"line":4,"column":18},"end":{"line":4,"column":35}},"4":{"start":{"line":5,"column":18},"end":{"line":5,"column":38}},"5":{"start":{"line":6,"column":16},"end":{"line":6,"column":34}},"6":{"start":{"line":7,"column":14},"end":{"line":7,"column":30}},"7":{"start":{"line":8,"column":17},"end":{"line":8,"column":36}},"8":{"start":{"line":9,"column":18},"end":{"line":9,"column":40}},"9":{"start":{"line":12,"column":12},"end":{"line":12,"column":14}},"10":{"start":{"line":14,"column":0},"end":{"line":66,"column":1}},"11":{"start":{"line":15,"column":2},"end":{"line":36,"column":3}},"12":{"start":{"line":16,"column":4},"end":{"line":16,"column":72}},"13":{"start":{"line":17,"column":4},"end":{"line":31,"column":9}},"14":{"start":{"line":24,"column":10},"end":{"line":29,"column":11}},"15":{"start":{"line":25,"column":24},"end":{"line":25,"column":78}},"16":{"start":{"line":26,"column":12},"end":{"line":26,"column":28}},"17":{"start":{"line":28,"column":12},"end":{"line":28,"column":26}},"18":{"start":{"line":32,"column":4},"end":{"line":35,"column":5}},"19":{"start":{"line":33,"column":6},"end":{"line":33,"column":54}},"20":{"start":{"line":34,"column":6},"end":{"line":34,"column":21}},"21":{"start":{"line":37,"column":2},"end":{"line":37,"column":34}},"22":{"start":{"line":38,"column":2},"end":{"line":65,"column":3}},"23":{"start":{"line":39,"column":21},"end":{"line":39,"column":59}},"24":{"start":{"line":40,"column":4},"end":{"line":63,"column":5}},"25":{"start":{"line":41,"column":6},"end":{"line":41,"column":63}},"26":{"start":{"line":42,"column":6},"end":{"line":56,"column":11}},"27":{"start":{"line":49,"column":12},"end":{"line":54,"column":13}},"28":{"start":{"line":50,"column":26},"end":{"line":50,"column":82}},"29":{"start":{"line":51,"column":14},"end":{"line":51,"column":30}},"30":{"start":{"line":53,"column":14},"end":{"line":53,"column":29}},"31":{"start":{"line":57,"column":6},"end":{"line":62,"column":7}},"32":{"start":{"line":58,"column":8},"end":{"line":58,"column":56}},"33":{"start":{"line":59,"column":8},"end":{"line":60,"column":56}},"34":{"start":{"line":61,"column":8},"end":{"line":61,"column":23}},"35":{"start":{"line":64,"column":4},"end":{"line":64,"column":37}},"36":{"start":{"line":68,"column":0},"end":{"line":121,"column":1}},"37":{"start":{"line":69,"column":13},"end":{"line":69,"column":15}},"38":{"start":{"line":70,"column":2},"end":{"line":81,"column":3}},"39":{"start":{"line":71,"column":4},"end":{"line":71,"column":26}},"40":{"start":{"line":72,"column":9},"end":{"line":81,"column":3}},"41":{"start":{"line":73,"column":4},"end":{"line":77,"column":5}},"42":{"start":{"line":74,"column":6},"end":{"line":76,"column":7}},"43":{"start":{"line":75,"column":8},"end":{"line":75,"column":24}},"44":{"start":{"line":79,"column":4},"end":{"line":79,"column":88}},"45":{"start":{"line":80,"column":4},"end":{"line":80,"column":10}},"46":{"start":{"line":86,"column":2},"end":{"line":88,"column":3}},"47":{"start":{"line":87,"column":4},"end":{"line":87,"column":41}},"48":{"start":{"line":89,"column":2},"end":{"line":94,"column":3}},"49":{"start":{"line":90,"column":4},"end":{"line":90,"column":33}},"50":{"start":{"line":92,"column":4},"end":{"line":92,"column":100}},"51":{"start":{"line":93,"column":4},"end":{"line":93,"column":10}},"52":{"start":{"line":95,"column":2},"end":{"line":98,"column":3}},"53":{"start":{"line":96,"column":4},"end":{"line":96,"column":128}},"54":{"start":{"line":97,"column":4},"end":{"line":97,"column":10}},"55":{"start":{"line":99,"column":2},"end":{"line":109,"column":3}},"56":{"start":{"line":100,"column":4},"end":{"line":102,"column":5}},"57":{"start":{"line":101,"column":6},"end":{"line":101,"column":58}},"58":{"start":{"line":103,"column":4},"end":{"line":105,"column":5}},"59":{"start":{"line":104,"column":6},"end":{"line":104,"column":49}},"60":{"start":{"line":106,"column":4},"end":{"line":108,"column":5}},"61":{"start":{"line":107,"column":6},"end":{"line":107,"column":64}},"62":{"start":{"line":110,"column":2},"end":{"line":119,"column":3}},"63":{"start":{"line":111,"column":4},"end":{"line":114,"column":5}},"64":{"start":{"line":112,"column":6},"end":{"line":112,"column":109}},"65":{"start":{"line":113,"column":6},"end":{"line":113,"column":12}},"66":{"start":{"line":115,"column":4},"end":{"line":118,"column":5}},"67":{"start":{"line":116,"column":6},"end":{"line":116,"column":134}},"68":{"start":{"line":117,"column":6},"end":{"line":117,"column":12}},"69":{"start":{"line":120,"column":2},"end":{"line":120,"column":15}},"70":{"start":{"line":123,"column":0},"end":{"line":133,"column":1}},"71":{"start":{"line":124,"column":2},"end":{"line":132,"column":3}},"72":{"start":{"line":125,"column":18},"end":{"line":125,"column":71}},"73":{"start":{"line":127,"column":4},"end":{"line":127,"column":16}},"74":{"start":{"line":130,"column":4},"end":{"line":130,"column":20}},"75":{"start":{"line":131,"column":4},"end":{"line":131,"column":15}},"76":{"start":{"line":135,"column":0},"end":{"line":183,"column":1}},"77":{"start":{"line":136,"column":13},"end":{"line":136,"column":15}},"78":{"start":{"line":137,"column":2},"end":{"line":140,"column":3}},"79":{"start":{"line":138,"column":4},"end":{"line":138,"column":88}},"80":{"start":{"line":139,"column":4},"end":{"line":139,"column":41}},"81":{"start":{"line":141,"column":24},"end":{"line":151,"column":4}},"82":{"start":{"line":152,"column":14},"end":{"line":154,"column":4}},"83":{"start":{"line":157,"column":19},"end":{"line":157,"column":21}},"84":{"start":{"line":158,"column":2},"end":{"line":162,"column":3}},"85":{"start":{"line":159,"column":4},"end":{"line":161,"column":5}},"86":{"start":{"line":160,"column":6},"end":{"line":160,"column":64}},"87":{"start":{"line":160,"column":28},"end":{"line":160,"column":33}},"88":{"start":{"line":160,"column":43},"end":{"line":160,"column":62}},"89":{"start":{"line":163,"column":2},"end":{"line":165,"column":3}},"90":{"start":{"line":164,"column":4},"end":{"line":164,"column":34}},"91":{"start":{"line":166,"column":2},"end":{"line":182,"column":3}},"92":{"start":{"line":167,"column":23},"end":{"line":167,"column":47}},"93":{"start":{"line":168,"column":4},"end":{"line":170,"column":5}},"94":{"start":{"line":169,"column":6},"end":{"line":169,"column":33}},"95":{"start":{"line":171,"column":21},"end":{"line":171,"column":45}},"96":{"start":{"line":172,"column":4},"end":{"line":174,"column":5}},"97":{"start":{"line":173,"column":6},"end":{"line":173,"column":43}},"98":{"start":{"line":175,"column":4},"end":{"line":175,"column":55}},"99":{"start":{"line":176,"column":4},"end":{"line":176,"column":31}},"100":{"start":{"line":178,"column":4},"end":{"line":178,"column":53}},"101":{"start":{"line":181,"column":4},"end":{"line":181,"column":41}},"102":{"start":{"line":185,"column":0},"end":{"line":211,"column":1}},"103":{"start":{"line":186,"column":18},"end":{"line":186,"column":20}},"104":{"start":{"line":187,"column":2},"end":{"line":209,"column":3}},"105":{"start":{"line":188,"column":4},"end":{"line":208,"column":5}},"106":{"start":{"line":189,"column":20},"end":{"line":189,"column":47}},"107":{"start":{"line":190,"column":6},"end":{"line":205,"column":7}},"108":{"start":{"line":191,"column":22},"end":{"line":191,"column":78}},"109":{"start":{"line":192,"column":23},"end":{"line":195,"column":42}},"110":{"start":{"line":196,"column":8},"end":{"line":204,"column":9}},"111":{"start":{"line":197,"column":26},"end":{"line":197,"column":45}},"112":{"start":{"line":198,"column":10},"end":{"line":203,"column":11}},"113":{"start":{"line":199,"column":30},"end":{"line":201,"column":14}},"114":{"start":{"line":200,"column":14},"end":{"line":200,"column":45}},"115":{"start":{"line":202,"column":12},"end":{"line":202,"column":35}},"116":{"start":{"line":207,"column":6},"end":{"line":207,"column":129}},"117":{"start":{"line":210,"column":2},"end":{"line":210,"column":16}},"118":{"start":{"line":213,"column":0},"end":{"line":213,"column":92}},"119":{"start":{"line":215,"column":0},"end":{"line":224,"column":1}},"120":{"start":{"line":225,"column":0},"end":{"line":258,"column":1}},"121":{"start":{"line":260,"column":0},"end":{"line":282,"column":1}},"122":{"start":{"line":261,"column":2},"end":{"line":265,"column":3}},"123":{"start":{"line":262,"column":4},"end":{"line":264,"column":24}},"124":{"start":{"line":263,"column":6},"end":{"line":263,"column":21}},"125":{"start":{"line":264,"column":13},"end":{"line":264,"column":22}},"126":{"start":{"line":266,"column":12},"end":{"line":266,"column":14}},"127":{"start":{"line":267,"column":16},"end":{"line":267,"column":36}},"128":{"start":{"line":268,"column":2},"end":{"line":280,"column":4}},"129":{"start":{"line":269,"column":21},"end":{"line":269,"column":42}},"130":{"start":{"line":270,"column":17},"end":{"line":270,"column":39}},"131":{"start":{"line":271,"column":4},"end":{"line":279,"column":5}},"132":{"start":{"line":272,"column":6},"end":{"line":272,"column":53}},"133":{"start":{"line":274,"column":6},"end":{"line":278,"column":8}},"134":{"start":{"line":275,"column":8},"end":{"line":277,"column":9}},"135":{"start":{"line":276,"column":10},"end":{"line":276,"column":28}},"136":{"start":{"line":281,"column":2},"end":{"line":281,"column":12}},"137":{"start":{"line":284,"column":0},"end":{"line":291,"column":1}},"138":{"start":{"line":285,"column":2},"end":{"line":290,"column":86}},"139":{"start":{"line":293,"column":0},"end":{"line":293,"column":20}}},"fnMap":{"0":{"name":"(anonymous_0)","decl":{"start":{"line":14,"column":17},"end":{"line":14,"column":18}},"loc":{"start":{"line":14,"column":35},"end":{"line":66,"column":1}},"line":14},"1":{"name":"(anonymous_1)","decl":{"start":{"line":23,"column":8},"end":{"line":23,"column":9}},"loc":{"start":{"line":23,"column":19},"end":{"line":30,"column":9}},"line":23},"2":{"name":"(anonymous_2)","decl":{"start":{"line":48,"column":10},"end":{"line":48,"column":11}},"loc":{"start":{"line":48,"column":21},"end":{"line":55,"column":11}},"line":48},"3":{"name":"(anonymous_3)","decl":{"start":{"line":68,"column":16},"end":{"line":68,"column":17}},"loc":{"start":{"line":68,"column":40},"end":{"line":121,"column":1}},"line":68},"4":{"name":"(anonymous_4)","decl":{"start":{"line":123,"column":17},"end":{"line":123,"column":18}},"loc":{"start":{"line":123,"column":31},"end":{"line":133,"column":1}},"line":123},"5":{"name":"(anonymous_5)","decl":{"start":{"line":135,"column":16},"end":{"line":135,"column":17}},"loc":{"start":{"line":135,"column":46},"end":{"line":183,"column":1}},"line":135},"6":{"name":"(anonymous_6)","decl":{"start":{"line":185,"column":19},"end":{"line":185,"column":20}},"loc":{"start":{"line":185,"column":39},"end":{"line":211,"column":1}},"line":185},"7":{"name":"(anonymous_7)","decl":{"start":{"line":199,"column":60},"end":{"line":199,"column":61}},"loc":{"start":{"line":199,"column":76},"end":{"line":201,"column":13}},"line":199},"8":{"name":"(anonymous_8)","decl":{"start":{"line":260,"column":15},"end":{"line":260,"column":16}},"loc":{"start":{"line":260,"column":32},"end":{"line":282,"column":1}},"line":260},"9":{"name":"(anonymous_9)","decl":{"start":{"line":268,"column":16},"end":{"line":268,"column":17}},"loc":{"start":{"line":268,"column":26},"end":{"line":280,"column":3}},"line":268},"10":{"name":"(anonymous_10)","decl":{"start":{"line":274,"column":20},"end":{"line":274,"column":21}},"loc":{"start":{"line":274,"column":30},"end":{"line":278,"column":7}},"line":274},"11":{"name":"(anonymous_11)","decl":{"start":{"line":284,"column":20},"end":{"line":284,"column":21}},"loc":{"start":{"line":284,"column":33},"end":{"line":291,"column":1}},"line":284}},"branchMap":{"0":{"loc":{"start":{"line":15,"column":2},"end":{"line":36,"column":3}},"type":"if","locations":[{"start":{"line":15,"column":2},"end":{"line":36,"column":3}},{"start":{"line":15,"column":2},"end":{"line":36,"column":3}}],"line":15},"1":{"loc":{"start":{"line":24,"column":10},"end":{"line":29,"column":11}},"type":"if","locations":[{"start":{"line":24,"column":10},"end":{"line":29,"column":11}},{"start":{"line":24,"column":10},"end":{"line":29,"column":11}}],"line":24},"2":{"loc":{"start":{"line":32,"column":4},"end":{"line":35,"column":5}},"type":"if","locations":[{"start":{"line":32,"column":4},"end":{"line":35,"column":5}},{"start":{"line":32,"column":4},"end":{"line":35,"column":5}}],"line":32},"3":{"loc":{"start":{"line":40,"column":4},"end":{"line":63,"column":5}},"type":"if","locations":[{"start":{"line":40,"column":4},"end":{"line":63,"column":5}},{"start":{"line":40,"column":4},"end":{"line":63,"column":5}}],"line":40},"4":{"loc":{"start":{"line":49,"column":12},"end":{"line":54,"column":13}},"type":"if","locations":[{"start":{"line":49,"column":12},"end":{"line":54,"column":13}},{"start":{"line":49,"column":12},"end":{"line":54,"column":13}}],"line":49},"5":{"loc":{"start":{"line":57,"column":6},"end":{"line":62,"column":7}},"type":"if","locations":[{"start":{"line":57,"column":6},"end":{"line":62,"column":7}},{"start":{"line":57,"column":6},"end":{"line":62,"column":7}}],"line":57},"6":{"loc":{"start":{"line":70,"column":2},"end":{"line":81,"column":3}},"type":"if","locations":[{"start":{"line":70,"column":2},"end":{"line":81,"column":3}},{"start":{"line":70,"column":2},"end":{"line":81,"column":3}}],"line":70},"7":{"loc":{"start":{"line":72,"column":9},"end":{"line":81,"column":3}},"type":"if","locations":[{"start":{"line":72,"column":9},"end":{"line":81,"column":3}},{"start":{"line":72,"column":9},"end":{"line":81,"column":3}}],"line":72},"8":{"loc":{"start":{"line":74,"column":6},"end":{"line":76,"column":7}},"type":"if","locations":[{"start":{"line":74,"column":6},"end":{"line":76,"column":7}},{"start":{"line":74,"column":6},"end":{"line":76,"column":7}}],"line":74},"9":{"loc":{"start":{"line":86,"column":2},"end":{"line":88,"column":3}},"type":"if","locations":[{"start":{"line":86,"column":2},"end":{"line":88,"column":3}},{"start":{"line":86,"column":2},"end":{"line":88,"column":3}}],"line":86},"10":{"loc":{"start":{"line":86,"column":6},"end":{"line":86,"column":60}},"type":"binary-expr","locations":[{"start":{"line":86,"column":6},"end":{"line":86,"column":33}},{"start":{"line":86,"column":37},"end":{"line":86,"column":60}}],"line":86},"11":{"loc":{"start":{"line":89,"column":2},"end":{"line":94,"column":3}},"type":"if","locations":[{"start":{"line":89,"column":2},"end":{"line":94,"column":3}},{"start":{"line":89,"column":2},"end":{"line":94,"column":3}}],"line":89},"12":{"loc":{"start":{"line":95,"column":2},"end":{"line":98,"column":3}},"type":"if","locations":[{"start":{"line":95,"column":2},"end":{"line":98,"column":3}},{"start":{"line":95,"column":2},"end":{"line":98,"column":3}}],"line":95},"13":{"loc":{"start":{"line":99,"column":2},"end":{"line":109,"column":3}},"type":"if","locations":[{"start":{"line":99,"column":2},"end":{"line":109,"column":3}},{"start":{"line":99,"column":2},"end":{"line":109,"column":3}}],"line":99},"14":{"loc":{"start":{"line":100,"column":4},"end":{"line":102,"column":5}},"type":"if","locations":[{"start":{"line":100,"column":4},"end":{"line":102,"column":5}},{"start":{"line":100,"column":4},"end":{"line":102,"column":5}}],"line":100},"15":{"loc":{"start":{"line":100,"column":8},"end":{"line":100,"column":100}},"type":"binary-expr","locations":[{"start":{"line":100,"column":8},"end":{"line":100,"column":54}},{"start":{"line":100,"column":58},"end":{"line":100,"column":100}}],"line":100},"16":{"loc":{"start":{"line":103,"column":4},"end":{"line":105,"column":5}},"type":"if","locations":[{"start":{"line":103,"column":4},"end":{"line":105,"column":5}},{"start":{"line":103,"column":4},"end":{"line":105,"column":5}}],"line":103},"17":{"loc":{"start":{"line":103,"column":8},"end":{"line":103,"column":88}},"type":"binary-expr","locations":[{"start":{"line":103,"column":8},"end":{"line":103,"column":48}},{"start":{"line":103,"column":52},"end":{"line":103,"column":88}}],"line":103},"18":{"loc":{"start":{"line":106,"column":4},"end":{"line":108,"column":5}},"type":"if","locations":[{"start":{"line":106,"column":4},"end":{"line":108,"column":5}},{"start":{"line":106,"column":4},"end":{"line":108,"column":5}}],"line":106},"19":{"loc":{"start":{"line":111,"column":4},"end":{"line":114,"column":5}},"type":"if","locations":[{"start":{"line":111,"column":4},"end":{"line":114,"column":5}},{"start":{"line":111,"column":4},"end":{"line":114,"column":5}}],"line":111},"20":{"loc":{"start":{"line":115,"column":4},"end":{"line":118,"column":5}},"type":"if","locations":[{"start":{"line":115,"column":4},"end":{"line":118,"column":5}},{"start":{"line":115,"column":4},"end":{"line":118,"column":5}}],"line":115},"21":{"loc":{"start":{"line":137,"column":2},"end":{"line":140,"column":3}},"type":"if","locations":[{"start":{"line":137,"column":2},"end":{"line":140,"column":3}},{"start":{"line":137,"column":2},"end":{"line":140,"column":3}}],"line":137},"22":{"loc":{"start":{"line":158,"column":2},"end":{"line":162,"column":3}},"type":"if","locations":[{"start":{"line":158,"column":2},"end":{"line":162,"column":3}},{"start":{"line":158,"column":2},"end":{"line":162,"column":3}}],"line":158},"23":{"loc":{"start":{"line":158,"column":6},"end":{"line":158,"column":35}},"type":"binary-expr","locations":[{"start":{"line":158,"column":6},"end":{"line":158,"column":17}},{"start":{"line":158,"column":21},"end":{"line":158,"column":35}}],"line":158},"24":{"loc":{"start":{"line":160,"column":6},"end":{"line":160,"column":64}},"type":"if","locations":[{"start":{"line":160,"column":6},"end":{"line":160,"column":64}},{"start":{"line":160,"column":6},"end":{"line":160,"column":64}}],"line":160},"25":{"loc":{"start":{"line":163,"column":2},"end":{"line":165,"column":3}},"type":"if","locations":[{"start":{"line":163,"column":2},"end":{"line":165,"column":3}},{"start":{"line":163,"column":2},"end":{"line":165,"column":3}}],"line":163},"26":{"loc":{"start":{"line":163,"column":6},"end":{"line":163,"column":35}},"type":"binary-expr","locations":[{"start":{"line":163,"column":6},"end":{"line":163,"column":17}},{"start":{"line":163,"column":21},"end":{"line":163,"column":35}}],"line":163},"27":{"loc":{"start":{"line":164,"column":11},"end":{"line":164,"column":34}},"type":"binary-expr","locations":[{"start":{"line":164,"column":11},"end":{"line":164,"column":28}},{"start":{"line":164,"column":32},"end":{"line":164,"column":34}}],"line":164},"28":{"loc":{"start":{"line":166,"column":2},"end":{"line":182,"column":3}},"type":"if","locations":[{"start":{"line":166,"column":2},"end":{"line":182,"column":3}},{"start":{"line":166,"column":2},"end":{"line":182,"column":3}}],"line":166},"29":{"loc":{"start":{"line":168,"column":4},"end":{"line":170,"column":5}},"type":"if","locations":[{"start":{"line":168,"column":4},"end":{"line":170,"column":5}},{"start":{"line":168,"column":4},"end":{"line":170,"column":5}}],"line":168},"30":{"loc":{"start":{"line":172,"column":4},"end":{"line":174,"column":5}},"type":"if","locations":[{"start":{"line":172,"column":4},"end":{"line":174,"column":5}},{"start":{"line":172,"column":4},"end":{"line":174,"column":5}}],"line":172},"31":{"loc":{"start":{"line":188,"column":4},"end":{"line":208,"column":5}},"type":"if","locations":[{"start":{"line":188,"column":4},"end":{"line":208,"column":5}},{"start":{"line":188,"column":4},"end":{"line":208,"column":5}}],"line":188},"32":{"loc":{"start":{"line":261,"column":2},"end":{"line":265,"column":3}},"type":"if","locations":[{"start":{"line":261,"column":2},"end":{"line":265,"column":3}},{"start":{"line":261,"column":2},"end":{"line":265,"column":3}}],"line":261},"33":{"loc":{"start":{"line":262,"column":4},"end":{"line":264,"column":24}},"type":"if","locations":[{"start":{"line":262,"column":4},"end":{"line":264,"column":24}},{"start":{"line":262,"column":4},"end":{"line":264,"column":24}}],"line":262},"34":{"loc":{"start":{"line":271,"column":4},"end":{"line":279,"column":5}},"type":"if","locations":[{"start":{"line":271,"column":4},"end":{"line":279,"column":5}},{"start":{"line":271,"column":4},"end":{"line":279,"column":5}}],"line":271},"35":{"loc":{"start":{"line":275,"column":8},"end":{"line":277,"column":9}},"type":"if","locations":[{"start":{"line":275,"column":8},"end":{"line":277,"column":9}},{"start":{"line":275,"column":8},"end":{"line":277,"column":9}}],"line":275}},"s":{"0":3,"1":3,"2":3,"3":3,"4":3,"5":3,"6":3,"7":3,"8":3,"9":3,"10":3,"11":0,"12":0,"13":0,"14":0,"15":0,"16":0,"17":0,"18":0,"19":0,"20":0,"21":0,"22":0,"23":0,"24":0,"25":0,"26":0,"27":0,"28":0,"29":0,"30":0,"31":0,"32":0,"33":0,"34":0,"35":0,"36":3,"37":12,"38":12,"39":8,"40":4,"41":3,"42":3,"43":3,"44":1,"45":1,"46":11,"47":9,"48":11,"49":10,"50":1,"51":1,"52":10,"53":1,"54":1,"55":9,"56":4,"57":4,"58":4,"59":4,"60":4,"61":4,"62":9,"63":9,"64":1,"65":1,"66":8,"67":1,"68":1,"69":7,"70":3,"71":2,"72":2,"73":1,"74":1,"75":1,"76":3,"77":6,"78":6,"79":1,"80":1,"81":5,"82":5,"83":5,"84":5,"85":4,"86":7,"87":1,"88":6,"89":5,"90":3,"91":5,"92":4,"93":4,"94":1,"95":4,"96":4,"97":1,"98":4,"99":4,"100":1,"101":1,"102":3,"103":4,"104":4,"105":4,"106":3,"107":3,"108":2,"109":2,"110":2,"111":10,"112":10,"113":6,"114":4,"115":6,"116":1,"117":4,"118":3,"119":3,"120":3,"121":3,"122":7,"123":2,"124":1,"125":1,"126":6,"127":6,"128":6,"129":6,"130":6,"131":6,"132":3,"133":3,"134":3,"135":3,"136":6,"137":3,"138":1,"139":3},"f":{"0":0,"1":0,"2":0,"3":12,"4":2,"5":6,"6":4,"7":4,"8":7,"9":6,"10":3,"11":1},"b":{"0":[0,0],"1":[0,0],"2":[0,0],"3":[0,0],"4":[0,0],"5":[0,0],"6":[8,4],"7":[3,1],"8":[3,0],"9":[9,2],"10":[11,9],"11":[10,1],"12":[1,9],"13":[4,5],"14":[4,0],"15":[4,4],"16":[4,0],"17":[4,4],"18":[4,0],"19":[1,8],"20":[1,7],"21":[1,5],"22":[4,1],"23":[5,4],"24":[1,6],"25":[3,2],"26":[5,3],"27":[3,0],"28":[4,1],"29":[1,3],"30":[1,3],"31":[3,1],"32":[2,5],"33":[1,1],"34":[3,3],"35":[3,0]},"_coverageSchema":"1a1c01bbd47fc00a2c39e90264f33305004495a9","hash":"81a4bcdc1bac9e9c12922f2dc6a427548b90e6d4"}
,"/home/sergey/projects/node/codecov/nuxt-i18n-easy/lib/module.js": {"path":"/home/sergey/projects/node/codecov/nuxt-i18n-easy/lib/module.js","statementMap":{"0":{"start":{"line":1,"column":20},"end":{"line":1,"column":35}},"1":{"start":{"line":3,"column":0},"end":{"line":14,"column":1}},"2":{"start":{"line":4,"column":18},"end":{"line":7,"column":3}},"3":{"start":{"line":9,"column":2},"end":{"line":13,"column":4}},"4":{"start":{"line":16,"column":0},"end":{"line":16,"column":48}}},"fnMap":{"0":{"name":"(anonymous_0)","decl":{"start":{"line":3,"column":17},"end":{"line":3,"column":18}},"loc":{"start":{"line":3,"column":42},"end":{"line":14,"column":1}},"line":3}},"branchMap":{},"s":{"0":1,"1":1,"2":1,"3":1,"4":1},"f":{"0":1},"b":{},"_coverageSchema":"1a1c01bbd47fc00a2c39e90264f33305004495a9","hash":"f43057d7a11b9fe1e25083e7a9ee2637752bdbe1"}
}
