{"/home/sergey/projects/node/npm/nuxt-i18n-easy/bin/command.js": {"path":"/home/sergey/projects/node/npm/nuxt-i18n-easy/bin/command.js","statementMap":{"0":{"start":{"line":6,"column":13},"end":{"line":6,"column":28}},"1":{"start":{"line":7,"column":11},"end":{"line":7,"column":24}},"2":{"start":{"line":8,"column":18},"end":{"line":8,"column":35}},"3":{"start":{"line":9,"column":16},"end":{"line":9,"column":34}},"4":{"start":{"line":10,"column":12},"end":{"line":10,"column":38}},"5":{"start":{"line":12,"column":13},"end":{"line":12,"column":34}},"6":{"start":{"line":14,"column":13},"end":{"line":24,"column":1}},"7":{"start":{"line":26,"column":0},"end":{"line":104,"column":3}},"8":{"start":{"line":27,"column":21},"end":{"line":27,"column":53}},"9":{"start":{"line":28,"column":2},"end":{"line":28,"column":44}},"10":{"start":{"line":30,"column":2},"end":{"line":33,"column":3}},"11":{"start":{"line":31,"column":4},"end":{"line":31,"column":52}},"12":{"start":{"line":32,"column":4},"end":{"line":32,"column":10}},"13":{"start":{"line":35,"column":18},"end":{"line":35,"column":71}},"14":{"start":{"line":36,"column":2},"end":{"line":102,"column":3}},"15":{"start":{"line":37,"column":26},"end":{"line":37,"column":37}},"16":{"start":{"line":38,"column":4},"end":{"line":40,"column":5}},"17":{"start":{"line":39,"column":6},"end":{"line":39,"column":46}},"18":{"start":{"line":41,"column":4},"end":{"line":44,"column":5}},"19":{"start":{"line":42,"column":6},"end":{"line":42,"column":205}},"20":{"start":{"line":43,"column":6},"end":{"line":43,"column":14}},"21":{"start":{"line":46,"column":21},"end":{"line":46,"column":59}},"22":{"start":{"line":48,"column":4},"end":{"line":101,"column":5}},"23":{"start":{"line":49,"column":19},"end":{"line":49,"column":21}},"24":{"start":{"line":50,"column":25},"end":{"line":50,"column":27}},"25":{"start":{"line":51,"column":6},"end":{"line":59,"column":7}},"26":{"start":{"line":52,"column":8},"end":{"line":52,"column":53}},"27":{"start":{"line":55,"column":8},"end":{"line":55,"column":56}},"28":{"start":{"line":56,"column":8},"end":{"line":57,"column":56}},"29":{"start":{"line":58,"column":8},"end":{"line":58,"column":14}},"30":{"start":{"line":60,"column":6},"end":{"line":63,"column":7}},"31":{"start":{"line":61,"column":8},"end":{"line":61,"column":47}},"32":{"start":{"line":62,"column":8},"end":{"line":62,"column":14}},"33":{"start":{"line":64,"column":20},"end":{"line":64,"column":45}},"34":{"start":{"line":65,"column":21},"end":{"line":65,"column":60}},"35":{"start":{"line":65,"column":39},"end":{"line":65,"column":59}},"36":{"start":{"line":66,"column":20},"end":{"line":66,"column":59}},"37":{"start":{"line":66,"column":40},"end":{"line":66,"column":58}},"38":{"start":{"line":67,"column":6},"end":{"line":70,"column":7}},"39":{"start":{"line":68,"column":8},"end":{"line":68,"column":61}},"40":{"start":{"line":69,"column":8},"end":{"line":69,"column":16}},"41":{"start":{"line":72,"column":6},"end":{"line":98,"column":7}},"42":{"start":{"line":73,"column":20},"end":{"line":73,"column":84}},"43":{"start":{"line":74,"column":8},"end":{"line":74,"column":42}},"44":{"start":{"line":75,"column":8},"end":{"line":75,"column":28}},"45":{"start":{"line":76,"column":22},"end":{"line":76,"column":24}},"46":{"start":{"line":77,"column":8},"end":{"line":91,"column":10}},"47":{"start":{"line":78,"column":21},"end":{"line":78,"column":25}},"48":{"start":{"line":79,"column":10},"end":{"line":79,"column":67}},"49":{"start":{"line":80,"column":10},"end":{"line":80,"column":42}},"50":{"start":{"line":81,"column":10},"end":{"line":83,"column":11}},"51":{"start":{"line":82,"column":12},"end":{"line":82,"column":23}},"52":{"start":{"line":84,"column":10},"end":{"line":86,"column":11}},"53":{"start":{"line":85,"column":12},"end":{"line":85,"column":47}},"54":{"start":{"line":87,"column":10},"end":{"line":89,"column":11}},"55":{"start":{"line":88,"column":12},"end":{"line":88,"column":32}},"56":{"start":{"line":90,"column":10},"end":{"line":90,"column":26}},"57":{"start":{"line":92,"column":20},"end":{"line":93,"column":75}},"58":{"start":{"line":94,"column":8},"end":{"line":96,"column":9}},"59":{"start":{"line":95,"column":10},"end":{"line":95,"column":113}},"60":{"start":{"line":97,"column":8},"end":{"line":97,"column":39}},"61":{"start":{"line":100,"column":6},"end":{"line":100,"column":22}}},"fnMap":{"0":{"name":"(anonymous_0)","decl":{"start":{"line":26,"column":1},"end":{"line":26,"column":2}},"loc":{"start":{"line":26,"column":13},"end":{"line":103,"column":1}},"line":26},"1":{"name":"(anonymous_1)","decl":{"start":{"line":65,"column":34},"end":{"line":65,"column":35}},"loc":{"start":{"line":65,"column":39},"end":{"line":65,"column":59}},"line":65},"2":{"name":"(anonymous_2)","decl":{"start":{"line":66,"column":35},"end":{"line":66,"column":36}},"loc":{"start":{"line":66,"column":40},"end":{"line":66,"column":58}},"line":66},"3":{"name":"(anonymous_3)","decl":{"start":{"line":77,"column":42},"end":{"line":77,"column":43}},"loc":{"start":{"line":77,"column":52},"end":{"line":91,"column":9}},"line":77}},"branchMap":{"0":{"loc":{"start":{"line":12,"column":13},"end":{"line":12,"column":34}},"type":"binary-expr","locations":[{"start":{"line":12,"column":13},"end":{"line":12,"column":28}},{"start":{"line":12,"column":32},"end":{"line":12,"column":34}}],"line":12},"1":{"loc":{"start":{"line":30,"column":2},"end":{"line":33,"column":3}},"type":"if","locations":[{"start":{"line":30,"column":2},"end":{"line":33,"column":3}},{"start":{"line":30,"column":2},"end":{"line":33,"column":3}}],"line":30},"2":{"loc":{"start":{"line":38,"column":4},"end":{"line":40,"column":5}},"type":"if","locations":[{"start":{"line":38,"column":4},"end":{"line":40,"column":5}},{"start":{"line":38,"column":4},"end":{"line":40,"column":5}}],"line":38},"3":{"loc":{"start":{"line":41,"column":4},"end":{"line":44,"column":5}},"type":"if","locations":[{"start":{"line":41,"column":4},"end":{"line":44,"column":5}},{"start":{"line":41,"column":4},"end":{"line":44,"column":5}}],"line":41},"4":{"loc":{"start":{"line":41,"column":8},"end":{"line":41,"column":51}},"type":"binary-expr","locations":[{"start":{"line":41,"column":8},"end":{"line":41,"column":23}},{"start":{"line":41,"column":27},"end":{"line":41,"column":51}}],"line":41},"5":{"loc":{"start":{"line":51,"column":6},"end":{"line":59,"column":7}},"type":"if","locations":[{"start":{"line":51,"column":6},"end":{"line":59,"column":7}},{"start":{"line":51,"column":6},"end":{"line":59,"column":7}}],"line":51},"6":{"loc":{"start":{"line":52,"column":23},"end":{"line":52,"column":53}},"type":"binary-expr","locations":[{"start":{"line":52,"column":23},"end":{"line":52,"column":47}},{"start":{"line":52,"column":51},"end":{"line":52,"column":53}}],"line":52},"7":{"loc":{"start":{"line":60,"column":6},"end":{"line":63,"column":7}},"type":"if","locations":[{"start":{"line":60,"column":6},"end":{"line":63,"column":7}},{"start":{"line":60,"column":6},"end":{"line":63,"column":7}}],"line":60},"8":{"loc":{"start":{"line":67,"column":6},"end":{"line":70,"column":7}},"type":"if","locations":[{"start":{"line":67,"column":6},"end":{"line":70,"column":7}},{"start":{"line":67,"column":6},"end":{"line":70,"column":7}}],"line":67},"9":{"loc":{"start":{"line":79,"column":18},"end":{"line":79,"column":67}},"type":"cond-expr","locations":[{"start":{"line":79,"column":55},"end":{"line":79,"column":56}},{"start":{"line":79,"column":59},"end":{"line":79,"column":67}}],"line":79},"10":{"loc":{"start":{"line":81,"column":10},"end":{"line":83,"column":11}},"type":"if","locations":[{"start":{"line":81,"column":10},"end":{"line":83,"column":11}},{"start":{"line":81,"column":10},"end":{"line":83,"column":11}}],"line":81},"11":{"loc":{"start":{"line":84,"column":10},"end":{"line":86,"column":11}},"type":"if","locations":[{"start":{"line":84,"column":10},"end":{"line":86,"column":11}},{"start":{"line":84,"column":10},"end":{"line":86,"column":11}}],"line":84},"12":{"loc":{"start":{"line":87,"column":10},"end":{"line":89,"column":11}},"type":"if","locations":[{"start":{"line":87,"column":10},"end":{"line":89,"column":11}},{"start":{"line":87,"column":10},"end":{"line":89,"column":11}}],"line":87},"13":{"loc":{"start":{"line":94,"column":8},"end":{"line":96,"column":9}},"type":"if","locations":[{"start":{"line":94,"column":8},"end":{"line":96,"column":9}},{"start":{"line":94,"column":8},"end":{"line":96,"column":9}}],"line":94}},"s":{"0":0,"1":0,"2":0,"3":0,"4":0,"5":0,"6":0,"7":0,"8":0,"9":0,"10":0,"11":0,"12":0,"13":0,"14":0,"15":0,"16":0,"17":0,"18":0,"19":0,"20":0,"21":0,"22":0,"23":0,"24":0,"25":0,"26":0,"27":0,"28":0,"29":0,"30":0,"31":0,"32":0,"33":0,"34":0,"35":0,"36":0,"37":0,"38":0,"39":0,"40":0,"41":0,"42":0,"43":0,"44":0,"45":0,"46":0,"47":0,"48":0,"49":0,"50":0,"51":0,"52":0,"53":0,"54":0,"55":0,"56":0,"57":0,"58":0,"59":0,"60":0,"61":0},"f":{"0":0,"1":0,"2":0,"3":0},"b":{"0":[0,0],"1":[0,0],"2":[0,0],"3":[0,0],"4":[0,0],"5":[0,0],"6":[0,0],"7":[0,0],"8":[0,0],"9":[0,0],"10":[0,0],"11":[0,0],"12":[0,0],"13":[0,0]}}
,"/home/sergey/projects/node/npm/nuxt-i18n-easy/lib/includes.js": {"path":"/home/sergey/projects/node/npm/nuxt-i18n-easy/lib/includes.js","statementMap":{"0":{"start":{"line":1,"column":13},"end":{"line":1,"column":28}},"1":{"start":{"line":2,"column":11},"end":{"line":2,"column":24}},"2":{"start":{"line":3,"column":20},"end":{"line":3,"column":42}},"3":{"start":{"line":4,"column":18},"end":{"line":4,"column":35}},"4":{"start":{"line":5,"column":18},"end":{"line":5,"column":38}},"5":{"start":{"line":6,"column":16},"end":{"line":6,"column":34}},"6":{"start":{"line":7,"column":14},"end":{"line":7,"column":30}},"7":{"start":{"line":8,"column":18},"end":{"line":8,"column":40}},"8":{"start":{"line":11,"column":12},"end":{"line":11,"column":14}},"9":{"start":{"line":13,"column":0},"end":{"line":66,"column":1}},"10":{"start":{"line":14,"column":13},"end":{"line":14,"column":15}},"11":{"start":{"line":15,"column":2},"end":{"line":26,"column":3}},"12":{"start":{"line":16,"column":4},"end":{"line":16,"column":26}},"13":{"start":{"line":17,"column":9},"end":{"line":26,"column":3}},"14":{"start":{"line":18,"column":4},"end":{"line":22,"column":5}},"15":{"start":{"line":19,"column":6},"end":{"line":21,"column":7}},"16":{"start":{"line":20,"column":8},"end":{"line":20,"column":24}},"17":{"start":{"line":24,"column":4},"end":{"line":24,"column":88}},"18":{"start":{"line":25,"column":4},"end":{"line":25,"column":10}},"19":{"start":{"line":31,"column":2},"end":{"line":33,"column":3}},"20":{"start":{"line":32,"column":4},"end":{"line":32,"column":41}},"21":{"start":{"line":34,"column":2},"end":{"line":39,"column":3}},"22":{"start":{"line":35,"column":4},"end":{"line":35,"column":33}},"23":{"start":{"line":37,"column":4},"end":{"line":37,"column":100}},"24":{"start":{"line":38,"column":4},"end":{"line":38,"column":10}},"25":{"start":{"line":40,"column":2},"end":{"line":43,"column":3}},"26":{"start":{"line":41,"column":4},"end":{"line":41,"column":128}},"27":{"start":{"line":42,"column":4},"end":{"line":42,"column":10}},"28":{"start":{"line":44,"column":2},"end":{"line":54,"column":3}},"29":{"start":{"line":45,"column":4},"end":{"line":47,"column":5}},"30":{"start":{"line":46,"column":6},"end":{"line":46,"column":58}},"31":{"start":{"line":48,"column":4},"end":{"line":50,"column":5}},"32":{"start":{"line":49,"column":6},"end":{"line":49,"column":49}},"33":{"start":{"line":51,"column":4},"end":{"line":53,"column":5}},"34":{"start":{"line":52,"column":6},"end":{"line":52,"column":64}},"35":{"start":{"line":55,"column":2},"end":{"line":64,"column":3}},"36":{"start":{"line":56,"column":4},"end":{"line":59,"column":5}},"37":{"start":{"line":57,"column":6},"end":{"line":57,"column":109}},"38":{"start":{"line":58,"column":6},"end":{"line":58,"column":12}},"39":{"start":{"line":60,"column":4},"end":{"line":63,"column":5}},"40":{"start":{"line":61,"column":6},"end":{"line":61,"column":134}},"41":{"start":{"line":62,"column":6},"end":{"line":62,"column":12}},"42":{"start":{"line":65,"column":2},"end":{"line":65,"column":15}},"43":{"start":{"line":68,"column":0},"end":{"line":78,"column":1}},"44":{"start":{"line":69,"column":2},"end":{"line":77,"column":3}},"45":{"start":{"line":70,"column":18},"end":{"line":70,"column":71}},"46":{"start":{"line":71,"column":4},"end":{"line":71,"column":22}},"47":{"start":{"line":72,"column":4},"end":{"line":72,"column":16}},"48":{"start":{"line":75,"column":4},"end":{"line":75,"column":20}},"49":{"start":{"line":76,"column":4},"end":{"line":76,"column":15}},"50":{"start":{"line":80,"column":0},"end":{"line":128,"column":1}},"51":{"start":{"line":81,"column":13},"end":{"line":81,"column":15}},"52":{"start":{"line":82,"column":2},"end":{"line":85,"column":3}},"53":{"start":{"line":83,"column":4},"end":{"line":83,"column":88}},"54":{"start":{"line":84,"column":4},"end":{"line":84,"column":41}},"55":{"start":{"line":86,"column":24},"end":{"line":96,"column":4}},"56":{"start":{"line":97,"column":14},"end":{"line":99,"column":4}},"57":{"start":{"line":102,"column":19},"end":{"line":102,"column":21}},"58":{"start":{"line":103,"column":2},"end":{"line":107,"column":3}},"59":{"start":{"line":104,"column":4},"end":{"line":106,"column":5}},"60":{"start":{"line":105,"column":6},"end":{"line":105,"column":64}},"61":{"start":{"line":105,"column":28},"end":{"line":105,"column":33}},"62":{"start":{"line":105,"column":43},"end":{"line":105,"column":62}},"63":{"start":{"line":108,"column":2},"end":{"line":110,"column":3}},"64":{"start":{"line":109,"column":4},"end":{"line":109,"column":34}},"65":{"start":{"line":111,"column":2},"end":{"line":127,"column":3}},"66":{"start":{"line":112,"column":23},"end":{"line":112,"column":47}},"67":{"start":{"line":113,"column":4},"end":{"line":115,"column":5}},"68":{"start":{"line":114,"column":6},"end":{"line":114,"column":33}},"69":{"start":{"line":116,"column":21},"end":{"line":116,"column":45}},"70":{"start":{"line":117,"column":4},"end":{"line":119,"column":5}},"71":{"start":{"line":118,"column":6},"end":{"line":118,"column":43}},"72":{"start":{"line":120,"column":4},"end":{"line":120,"column":55}},"73":{"start":{"line":121,"column":4},"end":{"line":121,"column":31}},"74":{"start":{"line":123,"column":4},"end":{"line":123,"column":53}},"75":{"start":{"line":126,"column":4},"end":{"line":126,"column":41}},"76":{"start":{"line":130,"column":0},"end":{"line":156,"column":1}},"77":{"start":{"line":131,"column":18},"end":{"line":131,"column":20}},"78":{"start":{"line":132,"column":2},"end":{"line":154,"column":3}},"79":{"start":{"line":133,"column":4},"end":{"line":153,"column":5}},"80":{"start":{"line":134,"column":20},"end":{"line":134,"column":47}},"81":{"start":{"line":135,"column":6},"end":{"line":150,"column":7}},"82":{"start":{"line":136,"column":22},"end":{"line":136,"column":78}},"83":{"start":{"line":137,"column":23},"end":{"line":140,"column":42}},"84":{"start":{"line":141,"column":8},"end":{"line":149,"column":9}},"85":{"start":{"line":142,"column":26},"end":{"line":142,"column":45}},"86":{"start":{"line":143,"column":10},"end":{"line":148,"column":11}},"87":{"start":{"line":144,"column":30},"end":{"line":146,"column":14}},"88":{"start":{"line":145,"column":14},"end":{"line":145,"column":45}},"89":{"start":{"line":147,"column":12},"end":{"line":147,"column":35}},"90":{"start":{"line":152,"column":6},"end":{"line":152,"column":129}},"91":{"start":{"line":155,"column":2},"end":{"line":155,"column":16}},"92":{"start":{"line":158,"column":0},"end":{"line":158,"column":92}},"93":{"start":{"line":160,"column":0},"end":{"line":169,"column":1}},"94":{"start":{"line":170,"column":0},"end":{"line":203,"column":1}},"95":{"start":{"line":205,"column":0},"end":{"line":227,"column":1}},"96":{"start":{"line":206,"column":2},"end":{"line":210,"column":3}},"97":{"start":{"line":207,"column":4},"end":{"line":209,"column":24}},"98":{"start":{"line":208,"column":6},"end":{"line":208,"column":21}},"99":{"start":{"line":209,"column":13},"end":{"line":209,"column":22}},"100":{"start":{"line":211,"column":12},"end":{"line":211,"column":14}},"101":{"start":{"line":212,"column":16},"end":{"line":212,"column":36}},"102":{"start":{"line":213,"column":2},"end":{"line":225,"column":4}},"103":{"start":{"line":214,"column":21},"end":{"line":214,"column":42}},"104":{"start":{"line":215,"column":17},"end":{"line":215,"column":39}},"105":{"start":{"line":216,"column":4},"end":{"line":224,"column":5}},"106":{"start":{"line":217,"column":6},"end":{"line":217,"column":53}},"107":{"start":{"line":219,"column":6},"end":{"line":223,"column":8}},"108":{"start":{"line":220,"column":8},"end":{"line":222,"column":9}},"109":{"start":{"line":221,"column":10},"end":{"line":221,"column":28}},"110":{"start":{"line":226,"column":2},"end":{"line":226,"column":12}},"111":{"start":{"line":229,"column":0},"end":{"line":236,"column":1}},"112":{"start":{"line":230,"column":2},"end":{"line":235,"column":86}},"113":{"start":{"line":238,"column":0},"end":{"line":238,"column":20}}},"fnMap":{"0":{"name":"(anonymous_0)","decl":{"start":{"line":13,"column":16},"end":{"line":13,"column":17}},"loc":{"start":{"line":13,"column":40},"end":{"line":66,"column":1}},"line":13},"1":{"name":"(anonymous_1)","decl":{"start":{"line":68,"column":17},"end":{"line":68,"column":18}},"loc":{"start":{"line":68,"column":31},"end":{"line":78,"column":1}},"line":68},"2":{"name":"(anonymous_2)","decl":{"start":{"line":80,"column":16},"end":{"line":80,"column":17}},"loc":{"start":{"line":80,"column":46},"end":{"line":128,"column":1}},"line":80},"3":{"name":"(anonymous_3)","decl":{"start":{"line":130,"column":19},"end":{"line":130,"column":20}},"loc":{"start":{"line":130,"column":39},"end":{"line":156,"column":1}},"line":130},"4":{"name":"(anonymous_4)","decl":{"start":{"line":144,"column":60},"end":{"line":144,"column":61}},"loc":{"start":{"line":144,"column":76},"end":{"line":146,"column":13}},"line":144},"5":{"name":"(anonymous_5)","decl":{"start":{"line":205,"column":15},"end":{"line":205,"column":16}},"loc":{"start":{"line":205,"column":32},"end":{"line":227,"column":1}},"line":205},"6":{"name":"(anonymous_6)","decl":{"start":{"line":213,"column":16},"end":{"line":213,"column":17}},"loc":{"start":{"line":213,"column":26},"end":{"line":225,"column":3}},"line":213},"7":{"name":"(anonymous_7)","decl":{"start":{"line":219,"column":20},"end":{"line":219,"column":21}},"loc":{"start":{"line":219,"column":30},"end":{"line":223,"column":7}},"line":219},"8":{"name":"(anonymous_8)","decl":{"start":{"line":229,"column":20},"end":{"line":229,"column":21}},"loc":{"start":{"line":229,"column":33},"end":{"line":236,"column":1}},"line":229}},"branchMap":{"0":{"loc":{"start":{"line":15,"column":2},"end":{"line":26,"column":3}},"type":"if","locations":[{"start":{"line":15,"column":2},"end":{"line":26,"column":3}},{"start":{"line":15,"column":2},"end":{"line":26,"column":3}}],"line":15},"1":{"loc":{"start":{"line":17,"column":9},"end":{"line":26,"column":3}},"type":"if","locations":[{"start":{"line":17,"column":9},"end":{"line":26,"column":3}},{"start":{"line":17,"column":9},"end":{"line":26,"column":3}}],"line":17},"2":{"loc":{"start":{"line":19,"column":6},"end":{"line":21,"column":7}},"type":"if","locations":[{"start":{"line":19,"column":6},"end":{"line":21,"column":7}},{"start":{"line":19,"column":6},"end":{"line":21,"column":7}}],"line":19},"3":{"loc":{"start":{"line":31,"column":2},"end":{"line":33,"column":3}},"type":"if","locations":[{"start":{"line":31,"column":2},"end":{"line":33,"column":3}},{"start":{"line":31,"column":2},"end":{"line":33,"column":3}}],"line":31},"4":{"loc":{"start":{"line":31,"column":6},"end":{"line":31,"column":60}},"type":"binary-expr","locations":[{"start":{"line":31,"column":6},"end":{"line":31,"column":33}},{"start":{"line":31,"column":37},"end":{"line":31,"column":60}}],"line":31},"5":{"loc":{"start":{"line":34,"column":2},"end":{"line":39,"column":3}},"type":"if","locations":[{"start":{"line":34,"column":2},"end":{"line":39,"column":3}},{"start":{"line":34,"column":2},"end":{"line":39,"column":3}}],"line":34},"6":{"loc":{"start":{"line":40,"column":2},"end":{"line":43,"column":3}},"type":"if","locations":[{"start":{"line":40,"column":2},"end":{"line":43,"column":3}},{"start":{"line":40,"column":2},"end":{"line":43,"column":3}}],"line":40},"7":{"loc":{"start":{"line":44,"column":2},"end":{"line":54,"column":3}},"type":"if","locations":[{"start":{"line":44,"column":2},"end":{"line":54,"column":3}},{"start":{"line":44,"column":2},"end":{"line":54,"column":3}}],"line":44},"8":{"loc":{"start":{"line":45,"column":4},"end":{"line":47,"column":5}},"type":"if","locations":[{"start":{"line":45,"column":4},"end":{"line":47,"column":5}},{"start":{"line":45,"column":4},"end":{"line":47,"column":5}}],"line":45},"9":{"loc":{"start":{"line":45,"column":8},"end":{"line":45,"column":100}},"type":"binary-expr","locations":[{"start":{"line":45,"column":8},"end":{"line":45,"column":54}},{"start":{"line":45,"column":58},"end":{"line":45,"column":100}}],"line":45},"10":{"loc":{"start":{"line":48,"column":4},"end":{"line":50,"column":5}},"type":"if","locations":[{"start":{"line":48,"column":4},"end":{"line":50,"column":5}},{"start":{"line":48,"column":4},"end":{"line":50,"column":5}}],"line":48},"11":{"loc":{"start":{"line":48,"column":8},"end":{"line":48,"column":88}},"type":"binary-expr","locations":[{"start":{"line":48,"column":8},"end":{"line":48,"column":48}},{"start":{"line":48,"column":52},"end":{"line":48,"column":88}}],"line":48},"12":{"loc":{"start":{"line":51,"column":4},"end":{"line":53,"column":5}},"type":"if","locations":[{"start":{"line":51,"column":4},"end":{"line":53,"column":5}},{"start":{"line":51,"column":4},"end":{"line":53,"column":5}}],"line":51},"13":{"loc":{"start":{"line":56,"column":4},"end":{"line":59,"column":5}},"type":"if","locations":[{"start":{"line":56,"column":4},"end":{"line":59,"column":5}},{"start":{"line":56,"column":4},"end":{"line":59,"column":5}}],"line":56},"14":{"loc":{"start":{"line":60,"column":4},"end":{"line":63,"column":5}},"type":"if","locations":[{"start":{"line":60,"column":4},"end":{"line":63,"column":5}},{"start":{"line":60,"column":4},"end":{"line":63,"column":5}}],"line":60},"15":{"loc":{"start":{"line":82,"column":2},"end":{"line":85,"column":3}},"type":"if","locations":[{"start":{"line":82,"column":2},"end":{"line":85,"column":3}},{"start":{"line":82,"column":2},"end":{"line":85,"column":3}}],"line":82},"16":{"loc":{"start":{"line":103,"column":2},"end":{"line":107,"column":3}},"type":"if","locations":[{"start":{"line":103,"column":2},"end":{"line":107,"column":3}},{"start":{"line":103,"column":2},"end":{"line":107,"column":3}}],"line":103},"17":{"loc":{"start":{"line":103,"column":6},"end":{"line":103,"column":35}},"type":"binary-expr","locations":[{"start":{"line":103,"column":6},"end":{"line":103,"column":17}},{"start":{"line":103,"column":21},"end":{"line":103,"column":35}}],"line":103},"18":{"loc":{"start":{"line":105,"column":6},"end":{"line":105,"column":64}},"type":"if","locations":[{"start":{"line":105,"column":6},"end":{"line":105,"column":64}},{"start":{"line":105,"column":6},"end":{"line":105,"column":64}}],"line":105},"19":{"loc":{"start":{"line":108,"column":2},"end":{"line":110,"column":3}},"type":"if","locations":[{"start":{"line":108,"column":2},"end":{"line":110,"column":3}},{"start":{"line":108,"column":2},"end":{"line":110,"column":3}}],"line":108},"20":{"loc":{"start":{"line":108,"column":6},"end":{"line":108,"column":35}},"type":"binary-expr","locations":[{"start":{"line":108,"column":6},"end":{"line":108,"column":17}},{"start":{"line":108,"column":21},"end":{"line":108,"column":35}}],"line":108},"21":{"loc":{"start":{"line":109,"column":11},"end":{"line":109,"column":34}},"type":"binary-expr","locations":[{"start":{"line":109,"column":11},"end":{"line":109,"column":28}},{"start":{"line":109,"column":32},"end":{"line":109,"column":34}}],"line":109},"22":{"loc":{"start":{"line":111,"column":2},"end":{"line":127,"column":3}},"type":"if","locations":[{"start":{"line":111,"column":2},"end":{"line":127,"column":3}},{"start":{"line":111,"column":2},"end":{"line":127,"column":3}}],"line":111},"23":{"loc":{"start":{"line":113,"column":4},"end":{"line":115,"column":5}},"type":"if","locations":[{"start":{"line":113,"column":4},"end":{"line":115,"column":5}},{"start":{"line":113,"column":4},"end":{"line":115,"column":5}}],"line":113},"24":{"loc":{"start":{"line":117,"column":4},"end":{"line":119,"column":5}},"type":"if","locations":[{"start":{"line":117,"column":4},"end":{"line":119,"column":5}},{"start":{"line":117,"column":4},"end":{"line":119,"column":5}}],"line":117},"25":{"loc":{"start":{"line":133,"column":4},"end":{"line":153,"column":5}},"type":"if","locations":[{"start":{"line":133,"column":4},"end":{"line":153,"column":5}},{"start":{"line":133,"column":4},"end":{"line":153,"column":5}}],"line":133},"26":{"loc":{"start":{"line":206,"column":2},"end":{"line":210,"column":3}},"type":"if","locations":[{"start":{"line":206,"column":2},"end":{"line":210,"column":3}},{"start":{"line":206,"column":2},"end":{"line":210,"column":3}}],"line":206},"27":{"loc":{"start":{"line":207,"column":4},"end":{"line":209,"column":24}},"type":"if","locations":[{"start":{"line":207,"column":4},"end":{"line":209,"column":24}},{"start":{"line":207,"column":4},"end":{"line":209,"column":24}}],"line":207},"28":{"loc":{"start":{"line":216,"column":4},"end":{"line":224,"column":5}},"type":"if","locations":[{"start":{"line":216,"column":4},"end":{"line":224,"column":5}},{"start":{"line":216,"column":4},"end":{"line":224,"column":5}}],"line":216},"29":{"loc":{"start":{"line":220,"column":8},"end":{"line":222,"column":9}},"type":"if","locations":[{"start":{"line":220,"column":8},"end":{"line":222,"column":9}},{"start":{"line":220,"column":8},"end":{"line":222,"column":9}}],"line":220}},"s":{"0":3,"1":3,"2":3,"3":3,"4":3,"5":3,"6":3,"7":3,"8":3,"9":3,"10":12,"11":12,"12":8,"13":4,"14":3,"15":3,"16":3,"17":1,"18":1,"19":11,"20":9,"21":11,"22":10,"23":1,"24":1,"25":10,"26":1,"27":1,"28":9,"29":4,"30":4,"31":4,"32":4,"33":4,"34":4,"35":9,"36":9,"37":1,"38":1,"39":8,"40":1,"41":1,"42":7,"43":3,"44":2,"45":2,"46":1,"47":1,"48":1,"49":1,"50":3,"51":6,"52":6,"53":1,"54":1,"55":5,"56":5,"57":5,"58":5,"59":4,"60":7,"61":1,"62":6,"63":5,"64":3,"65":5,"66":4,"67":4,"68":1,"69":4,"70":4,"71":1,"72":4,"73":4,"74":1,"75":1,"76":3,"77":4,"78":4,"79":4,"80":3,"81":3,"82":2,"83":2,"84":2,"85":10,"86":10,"87":6,"88":4,"89":6,"90":1,"91":4,"92":3,"93":3,"94":3,"95":3,"96":7,"97":2,"98":1,"99":1,"100":6,"101":6,"102":6,"103":6,"104":6,"105":6,"106":3,"107":3,"108":3,"109":3,"110":6,"111":3,"112":1,"113":3},"f":{"0":12,"1":2,"2":6,"3":4,"4":4,"5":7,"6":6,"7":3,"8":1},"b":{"0":[8,4],"1":[3,1],"2":[3,0],"3":[9,2],"4":[11,9],"5":[10,1],"6":[1,9],"7":[4,5],"8":[4,0],"9":[4,4],"10":[4,0],"11":[4,4],"12":[4,0],"13":[1,8],"14":[1,7],"15":[1,5],"16":[4,1],"17":[5,4],"18":[1,6],"19":[3,2],"20":[5,3],"21":[3,0],"22":[4,1],"23":[1,3],"24":[1,3],"25":[3,1],"26":[2,5],"27":[1,1],"28":[3,3],"29":[3,0]},"_coverageSchema":"1a1c01bbd47fc00a2c39e90264f33305004495a9","hash":"f96072cb1ac82a170dc6a09be2907c900e044a15"}
,"/home/sergey/projects/node/npm/nuxt-i18n-easy/lib/plugin.js": {"path":"/home/sergey/projects/node/npm/nuxt-i18n-easy/lib/plugin.js","statementMap":{"0":{"start":{"line":6,"column":2},"end":{"line":10,"column":4}},"1":{"start":{"line":8,"column":6},"end":{"line":8,"column":29}},"2":{"start":{"line":11,"column":2},"end":{"line":15,"column":4}},"3":{"start":{"line":13,"column":6},"end":{"line":13,"column":33}},"4":{"start":{"line":16,"column":2},"end":{"line":23,"column":4}},"5":{"start":{"line":19,"column":6},"end":{"line":19,"column":48}},"6":{"start":{"line":19,"column":31},"end":{"line":19,"column":46}},"7":{"start":{"line":21,"column":6},"end":{"line":21,"column":54}}},"fnMap":{"0":{"name":"(anonymous_0)","decl":{"start":{"line":4,"column":15},"end":{"line":4,"column":16}},"loc":{"start":{"line":4,"column":28},"end":{"line":34,"column":1}},"line":4},"1":{"name":"(anonymous_1)","decl":{"start":{"line":7,"column":4},"end":{"line":7,"column":5}},"loc":{"start":{"line":7,"column":10},"end":{"line":9,"column":5}},"line":7},"2":{"name":"(anonymous_2)","decl":{"start":{"line":12,"column":4},"end":{"line":12,"column":5}},"loc":{"start":{"line":12,"column":10},"end":{"line":14,"column":5}},"line":12},"3":{"name":"(anonymous_3)","decl":{"start":{"line":17,"column":4},"end":{"line":17,"column":5}},"loc":{"start":{"line":17,"column":18},"end":{"line":22,"column":5}},"line":17}},"branchMap":{"0":{"loc":{"start":{"line":19,"column":6},"end":{"line":19,"column":48}},"type":"if","locations":[{"start":{"line":19,"column":6},"end":{"line":19,"column":48}},{"start":{"line":19,"column":6},"end":{"line":19,"column":48}}],"line":19}},"s":{"0":0,"1":0,"2":0,"3":0,"4":0,"5":0,"6":0,"7":0},"f":{"0":0,"1":0,"2":0,"3":0},"b":{"0":[0,0]}}
}
