TN:
SF:bin/command.js
FN:26,(anonymous_0)
FN:52,(anonymous_1)
FN:53,(anonymous_2)
FN:67,(anonymous_3)
FNF:4
FNH:0
FNDA:0,(anonymous_0)
FNDA:0,(anonymous_1)
FNDA:0,(anonymous_2)
FNDA:0,(anonymous_3)
DA:6,0
DA:7,0
DA:8,0
DA:9,0
DA:10,0
DA:12,0
DA:14,0
DA:26,0
DA:27,0
DA:28,0
DA:29,0
DA:30,0
DA:31,0
DA:32,0
DA:33,0
DA:34,0
DA:35,0
DA:37,0
DA:38,0
DA:39,0
DA:42,0
DA:44,0
DA:45,0
DA:46,0
DA:47,0
DA:48,0
DA:49,0
DA:51,0
DA:52,0
DA:53,0
DA:54,0
DA:55,0
DA:56,0
DA:59,0
DA:60,0
DA:61,0
DA:62,0
DA:63,0
DA:64,0
DA:67,0
DA:68,0
DA:69,0
DA:70,0
DA:71,0
DA:72,0
DA:74,0
DA:75,0
DA:77,0
DA:78,0
DA:80,0
DA:82,0
DA:84,0
DA:85,0
DA:86,0
DA:87,0
DA:89,0
DA:90,0
DA:92,0
LF:58
LH:0
BRDA:12,0,0,0
BRDA:12,0,1,0
BRDA:34,1,0,0
BRDA:34,1,1,0
BRDA:37,2,0,0
BRDA:37,2,1,0
BRDA:37,3,0,0
BRDA:37,3,1,0
BRDA:46,4,0,0
BRDA:46,4,1,0
BRDA:47,5,0,0
BRDA:47,5,1,0
BRDA:54,6,0,0
BRDA:54,6,1,0
BRDA:63,7,0,0
BRDA:63,7,1,0
BRDA:69,8,0,0
BRDA:69,8,1,0
BRDA:71,9,0,0
BRDA:71,9,1,0
BRDA:74,10,0,0
BRDA:74,10,1,0
BRDA:77,11,0,0
BRDA:77,11,1,0
BRDA:84,12,0,0
BRDA:84,12,1,0
BRF:26
BRH:0
end_of_record
TN:
SF:lib/includes.js
FN:14,(anonymous_0)
FN:23,(anonymous_1)
FN:48,(anonymous_2)
FN:68,(anonymous_3)
FN:123,(anonymous_4)
FN:135,(anonymous_5)
FN:185,(anonymous_6)
FN:199,(anonymous_7)
FN:260,(anonymous_8)
FN:268,(anonymous_9)
FN:274,(anonymous_10)
FN:284,(anonymous_11)
FNF:12
FNH:9
FNDA:0,(anonymous_0)
FNDA:0,(anonymous_1)
FNDA:0,(anonymous_2)
FNDA:12,(anonymous_3)
FNDA:2,(anonymous_4)
FNDA:6,(anonymous_5)
FNDA:4,(anonymous_6)
FNDA:4,(anonymous_7)
FNDA:7,(anonymous_8)
FNDA:6,(anonymous_9)
FNDA:3,(anonymous_10)
FNDA:1,(anonymous_11)
DA:1,3
DA:2,3
DA:3,3
DA:4,3
DA:5,3
DA:6,3
DA:7,3
DA:8,3
DA:9,3
DA:12,3
DA:14,3
DA:15,0
DA:16,0
DA:17,0
DA:24,0
DA:25,0
DA:26,0
DA:28,0
DA:32,0
DA:33,0
DA:34,0
DA:37,0
DA:38,0
DA:39,0
DA:40,0
DA:41,0
DA:42,0
DA:49,0
DA:50,0
DA:51,0
DA:53,0
DA:57,0
DA:58,0
DA:59,0
DA:61,0
DA:64,0
DA:68,3
DA:69,12
DA:70,12
DA:71,8
DA:72,4
DA:73,3
DA:74,3
DA:75,3
DA:79,1
DA:80,1
DA:86,11
DA:87,9
DA:89,11
DA:90,10
DA:92,1
DA:93,1
DA:95,10
DA:96,1
DA:97,1
DA:99,9
DA:100,4
DA:101,4
DA:103,4
DA:104,4
DA:106,4
DA:107,4
DA:110,9
DA:111,9
DA:112,1
DA:113,1
DA:115,8
DA:116,1
DA:117,1
DA:120,7
DA:123,3
DA:124,2
DA:125,2
DA:127,1
DA:130,1
DA:131,1
DA:135,3
DA:136,6
DA:137,6
DA:138,1
DA:139,1
DA:141,5
DA:152,5
DA:157,5
DA:158,5
DA:159,4
DA:160,7
DA:163,5
DA:164,3
DA:166,5
DA:167,4
DA:168,4
DA:169,1
DA:171,4
DA:172,4
DA:173,1
DA:175,4
DA:176,4
DA:178,1
DA:181,1
DA:185,3
DA:186,4
DA:187,4
DA:188,4
DA:189,3
DA:190,3
DA:191,2
DA:192,2
DA:196,2
DA:197,10
DA:198,10
DA:199,6
DA:200,4
DA:202,6
DA:207,1
DA:210,4
DA:213,3
DA:215,3
DA:225,3
DA:260,3
DA:261,7
DA:262,2
DA:263,1
DA:264,1
DA:266,6
DA:267,6
DA:268,6
DA:269,6
DA:270,6
DA:271,6
DA:272,3
DA:274,3
DA:275,3
DA:276,3
DA:281,6
DA:284,3
DA:285,1
DA:293,3
LF:138
LH:113
BRDA:15,0,0,0
BRDA:15,0,1,0
BRDA:24,1,0,0
BRDA:24,1,1,0
BRDA:32,2,0,0
BRDA:32,2,1,0
BRDA:40,3,0,0
BRDA:40,3,1,0
BRDA:49,4,0,0
BRDA:49,4,1,0
BRDA:57,5,0,0
BRDA:57,5,1,0
BRDA:70,6,0,8
BRDA:70,6,1,4
BRDA:72,7,0,3
BRDA:72,7,1,1
BRDA:74,8,0,3
BRDA:74,8,1,0
BRDA:86,9,0,9
BRDA:86,9,1,2
BRDA:86,10,0,11
BRDA:86,10,1,9
BRDA:89,11,0,10
BRDA:89,11,1,1
BRDA:95,12,0,1
BRDA:95,12,1,9
BRDA:99,13,0,4
BRDA:99,13,1,5
BRDA:100,14,0,4
BRDA:100,14,1,0
BRDA:100,15,0,4
BRDA:100,15,1,4
BRDA:103,16,0,4
BRDA:103,16,1,0
BRDA:103,17,0,4
BRDA:103,17,1,4
BRDA:106,18,0,4
BRDA:106,18,1,0
BRDA:111,19,0,1
BRDA:111,19,1,8
BRDA:115,20,0,1
BRDA:115,20,1,7
BRDA:137,21,0,1
BRDA:137,21,1,5
BRDA:158,22,0,4
BRDA:158,22,1,1
BRDA:158,23,0,5
BRDA:158,23,1,4
BRDA:160,24,0,1
BRDA:160,24,1,6
BRDA:163,25,0,3
BRDA:163,25,1,2
BRDA:163,26,0,5
BRDA:163,26,1,3
BRDA:164,27,0,3
BRDA:164,27,1,0
BRDA:166,28,0,4
BRDA:166,28,1,1
BRDA:168,29,0,1
BRDA:168,29,1,3
BRDA:172,30,0,1
BRDA:172,30,1,3
BRDA:188,31,0,3
BRDA:188,31,1,1
BRDA:261,32,0,2
BRDA:261,32,1,5
BRDA:262,33,0,1
BRDA:262,33,1,1
BRDA:271,34,0,3
BRDA:271,34,1,3
BRDA:275,35,0,3
BRDA:275,35,1,0
BRF:72
BRH:54
end_of_record
TN:
SF:lib/module.js
FN:3,(anonymous_0)
FNF:1
FNH:1
FNDA:1,(anonymous_0)
DA:1,1
DA:3,1
DA:4,1
DA:9,1
DA:16,1
LF:5
LH:5
BRF:0
BRH:0
end_of_record
