TN:
SF:bin/command.js
FN:26,(anonymous_0)
FN:65,(anonymous_1)
FN:66,(anonymous_2)
FN:77,(anonymous_3)
FNF:4
FNH:0
FNDA:0,(anonymous_0)
FNDA:0,(anonymous_1)
FNDA:0,(anonymous_2)
FNDA:0,(anonymous_3)
DA:6,0
DA:7,0
DA:8,0
DA:9,0
DA:10,0
DA:12,0
DA:14,0
DA:26,0
DA:27,0
DA:28,0
DA:30,0
DA:31,0
DA:32,0
DA:35,0
DA:36,0
DA:37,0
DA:38,0
DA:39,0
DA:41,0
DA:42,0
DA:43,0
DA:46,0
DA:48,0
DA:49,0
DA:50,0
DA:51,0
DA:52,0
DA:55,0
DA:56,0
DA:58,0
DA:60,0
DA:61,0
DA:62,0
DA:64,0
DA:65,0
DA:66,0
DA:67,0
DA:68,0
DA:69,0
DA:72,0
DA:73,0
DA:74,0
DA:75,0
DA:76,0
DA:77,0
DA:78,0
DA:79,0
DA:80,0
DA:81,0
DA:82,0
DA:84,0
DA:85,0
DA:87,0
DA:88,0
DA:90,0
DA:92,0
DA:94,0
DA:95,0
DA:97,0
DA:100,0
LF:60
LH:0
BRDA:12,0,0,0
BRDA:12,0,1,0
BRDA:30,1,0,0
BRDA:30,1,1,0
BRDA:38,2,0,0
BRDA:38,2,1,0
BRDA:41,3,0,0
BRDA:41,3,1,0
BRDA:41,4,0,0
BRDA:41,4,1,0
BRDA:51,5,0,0
BRDA:51,5,1,0
BRDA:52,6,0,0
BRDA:52,6,1,0
BRDA:60,7,0,0
BRDA:60,7,1,0
BRDA:67,8,0,0
BRDA:67,8,1,0
BRDA:79,9,0,0
BRDA:79,9,1,0
BRDA:81,10,0,0
BRDA:81,10,1,0
BRDA:84,11,0,0
BRDA:84,11,1,0
BRDA:87,12,0,0
BRDA:87,12,1,0
BRDA:94,13,0,0
BRDA:94,13,1,0
BRF:28
BRH:0
end_of_record
TN:
SF:lib/includes.js
FN:13,(anonymous_0)
FN:68,(anonymous_1)
FN:80,(anonymous_2)
FN:130,(anonymous_3)
FN:144,(anonymous_4)
FN:205,(anonymous_5)
FN:213,(anonymous_6)
FN:219,(anonymous_7)
FN:229,(anonymous_8)
FNF:9
FNH:9
FNDA:12,(anonymous_0)
FNDA:2,(anonymous_1)
FNDA:6,(anonymous_2)
FNDA:4,(anonymous_3)
FNDA:4,(anonymous_4)
FNDA:7,(anonymous_5)
FNDA:6,(anonymous_6)
FNDA:3,(anonymous_7)
FNDA:1,(anonymous_8)
DA:1,3
DA:2,3
DA:3,3
DA:4,3
DA:5,3
DA:6,3
DA:7,3
DA:8,3
DA:11,3
DA:13,3
DA:14,12
DA:15,12
DA:16,8
DA:17,4
DA:18,3
DA:19,3
DA:20,3
DA:24,1
DA:25,1
DA:31,11
DA:32,9
DA:34,11
DA:35,10
DA:37,1
DA:38,1
DA:40,10
DA:41,1
DA:42,1
DA:44,9
DA:45,4
DA:46,4
DA:48,4
DA:49,4
DA:51,4
DA:52,4
DA:55,9
DA:56,9
DA:57,1
DA:58,1
DA:60,8
DA:61,1
DA:62,1
DA:65,7
DA:68,3
DA:69,2
DA:70,2
DA:71,1
DA:72,1
DA:75,1
DA:76,1
DA:80,3
DA:81,6
DA:82,6
DA:83,1
DA:84,1
DA:86,5
DA:97,5
DA:102,5
DA:103,5
DA:104,4
DA:105,7
DA:108,5
DA:109,3
DA:111,5
DA:112,4
DA:113,4
DA:114,1
DA:116,4
DA:117,4
DA:118,1
DA:120,4
DA:121,4
DA:123,1
DA:126,1
DA:130,3
DA:131,4
DA:132,4
DA:133,4
DA:134,3
DA:135,3
DA:136,2
DA:137,2
DA:141,2
DA:142,10
DA:143,10
DA:144,6
DA:145,4
DA:147,6
DA:152,1
DA:155,4
DA:158,3
DA:160,3
DA:170,3
DA:205,3
DA:206,7
DA:207,2
DA:208,1
DA:209,1
DA:211,6
DA:212,6
DA:213,6
DA:214,6
DA:215,6
DA:216,6
DA:217,3
DA:219,3
DA:220,3
DA:221,3
DA:226,6
DA:229,3
DA:230,1
DA:238,3
LF:112
LH:112
BRDA:15,0,0,8
BRDA:15,0,1,4
BRDA:17,1,0,3
BRDA:17,1,1,1
BRDA:19,2,0,3
BRDA:19,2,1,0
BRDA:31,3,0,9
BRDA:31,3,1,2
BRDA:31,4,0,11
BRDA:31,4,1,9
BRDA:34,5,0,10
BRDA:34,5,1,1
BRDA:40,6,0,1
BRDA:40,6,1,9
BRDA:44,7,0,4
BRDA:44,7,1,5
BRDA:45,8,0,4
BRDA:45,8,1,0
BRDA:45,9,0,4
BRDA:45,9,1,4
BRDA:48,10,0,4
BRDA:48,10,1,0
BRDA:48,11,0,4
BRDA:48,11,1,4
BRDA:51,12,0,4
BRDA:51,12,1,0
BRDA:56,13,0,1
BRDA:56,13,1,8
BRDA:60,14,0,1
BRDA:60,14,1,7
BRDA:82,15,0,1
BRDA:82,15,1,5
BRDA:103,16,0,4
BRDA:103,16,1,1
BRDA:103,17,0,5
BRDA:103,17,1,4
BRDA:105,18,0,1
BRDA:105,18,1,6
BRDA:108,19,0,3
BRDA:108,19,1,2
BRDA:108,20,0,5
BRDA:108,20,1,3
BRDA:109,21,0,3
BRDA:109,21,1,0
BRDA:111,22,0,4
BRDA:111,22,1,1
BRDA:113,23,0,1
BRDA:113,23,1,3
BRDA:117,24,0,1
BRDA:117,24,1,3
BRDA:133,25,0,3
BRDA:133,25,1,1
BRDA:206,26,0,2
BRDA:206,26,1,5
BRDA:207,27,0,1
BRDA:207,27,1,1
BRDA:216,28,0,3
BRDA:216,28,1,3
BRDA:220,29,0,3
BRDA:220,29,1,0
BRF:60
BRH:54
end_of_record
TN:
SF:lib/plugin.js
FN:4,(anonymous_0)
FN:7,(anonymous_1)
FN:12,(anonymous_2)
FN:17,(anonymous_3)
FNF:4
FNH:0
FNDA:0,(anonymous_0)
FNDA:0,(anonymous_1)
FNDA:0,(anonymous_2)
FNDA:0,(anonymous_3)
DA:6,0
DA:8,0
DA:11,0
DA:13,0
DA:16,0
DA:19,0
DA:21,0
LF:7
LH:0
BRDA:19,0,0,0
BRDA:19,0,1,0
BRF:2
BRH:0
end_of_record
